C:\USERS\ERIC\DESKTOP\FACEGENDERREC\DEBUG\FACEGENDERREC.EXE
C:\USERS\ERIC\DESKTOP\FACEGENDERREC\DEBUG\FACEGENDERREC.ILK
C:\USERS\ERIC\DESKTOP\FACEGENDERREC\DEBUG\FACEGENDERREC.PDB
C:\Users\Eric\Desktop\FaceGenderRec\FaceGenderRec\Debug\cl.command.1.tlog
C:\Users\Eric\Desktop\FaceGenderRec\FaceGenderRec\Debug\CL.read.1.tlog
C:\Users\Eric\Desktop\FaceGenderRec\FaceGenderRec\Debug\CL.write.1.tlog
C:\USERS\ERIC\DESKTOP\FACEGENDERREC\FACEGENDERREC\DEBUG\DEMO.OBJ
C:\USERS\ERIC\DESKTOP\FACEGENDERREC\FACEGENDERREC\DEBUG\DETECTOBJECT.OBJ
C:\USERS\ERIC\DESKTOP\FACEGENDERREC\FACEGENDERREC\DEBUG\FACEGENDERREC.EXE.EMBED.MANIFEST
C:\USERS\ERIC\DESKTOP\FACEGENDERREC\FACEGENDERREC\DEBUG\FACEGENDERREC.EXE.EMBED.MANIFEST.RES
C:\USERS\ERIC\DESKTOP\FACEGENDERREC\FACEGENDERREC\DEBUG\FACEGENDERREC.EXE.INTERMEDIATE.MANIFEST
C:\Users\Eric\Desktop\FaceGenderRec\FaceGenderRec\Debug\FaceGenderRec_manifest.rc
C:\USERS\ERIC\DESKTOP\FACEGENDERREC\FACEGENDERREC\DEBUG\IMAGEUTILS_0.7.OBJ
C:\Users\Eric\Desktop\FaceGenderRec\FaceGenderRec\Debug\link.7948.read.1.tlog
C:\Users\Eric\Desktop\FaceGenderRec\FaceGenderRec\Debug\link.7948.write.1.tlog
C:\Users\Eric\Desktop\FaceGenderRec\FaceGenderRec\Debug\link.7948-cvtres.read.1.tlog
C:\Users\Eric\Desktop\FaceGenderRec\FaceGenderRec\Debug\link.7948-cvtres.write.1.tlog
C:\Users\Eric\Desktop\FaceGenderRec\FaceGenderRec\Debug\link.command.1.tlog
C:\Users\Eric\Desktop\FaceGenderRec\FaceGenderRec\Debug\link.read.1.tlog
C:\Users\Eric\Desktop\FaceGenderRec\FaceGenderRec\Debug\link.write.1.tlog
C:\Users\Eric\Desktop\FaceGenderRec\FaceGenderRec\Debug\link-cvtres.read.1.tlog
C:\Users\Eric\Desktop\FaceGenderRec\FaceGenderRec\Debug\link-cvtres.write.1.tlog
C:\Users\Eric\Desktop\FaceGenderRec\FaceGenderRec\Debug\mt.command.1.tlog
C:\Users\Eric\Desktop\FaceGenderRec\FaceGenderRec\Debug\mt.read.1.tlog
C:\Users\Eric\Desktop\FaceGenderRec\FaceGenderRec\Debug\mt.write.1.tlog
C:\USERS\ERIC\DESKTOP\FACEGENDERREC\FACEGENDERREC\DEBUG\PREPROCESSFACE.OBJ
C:\Users\Eric\Desktop\FaceGenderRec\FaceGenderRec\Debug\rc.command.1.tlog
C:\Users\Eric\Desktop\FaceGenderRec\FaceGenderRec\Debug\rc.read.1.tlog
C:\Users\Eric\Desktop\FaceGenderRec\FaceGenderRec\Debug\rc.write.1.tlog
C:\USERS\ERIC\DESKTOP\FACEGENDERREC\FACEGENDERREC\DEBUG\RECOGNITION.OBJ
C:\Users\Eric\Desktop\FaceGenderRec\FaceGenderRec\Debug\vc100.idb
C:\USERS\ERIC\DESKTOP\FACEGENDERREC\FACEGENDERREC\DEBUG\VC100.PDB
