生成启动时间为 2013/12/13 10:51:31。
     1>项目“C:\Users\Eric\Desktop\FaceGenderRec\FaceGenderRec\FaceGenderRec.vcxproj”在节点 2 上(build 个目标)。
     1>InitializeBuildStatus:
         正在创建“Debug\FaceGenderRec.unsuccessfulbuild”，因为已指定“AlwaysCreate”。
       ClCompile:
         d:\Installed Software\VS2010\VC\bin\CL.exe /c /ZI /nologo /W3 /WX- /Od /Oy- /D WIN32 /D _DEBUG /D _CONSOLE /D _MBCS /Gm /EHsc /RTC1 /MDd /GS /fp:precise /Zc:wchar_t /Zc:forScope /Fo"Debug\\" /Fd"Debug\vc100.pdb" /Gd /TP /analyze- /errorReport:prompt demo.cpp preprocessFace.cpp
         正在跳过...(未检测到相关更改)
         preprocessFace.cpp
         demo.cpp
       ManifestResourceCompile:
         所有输出均为最新。
       Link:
         d:\Installed Software\VS2010\VC\bin\link.exe /ERRORREPORT:PROMPT /OUT:"C:\Users\Eric\Desktop\FaceGenderRec\Debug\FaceGenderRec.exe" /INCREMENTAL /NOLOGO opencv_calib3d246d.lib opencv_contrib246d.lib opencv_core246d.lib opencv_features2d246d.lib opencv_flann246d.lib opencv_gpu246d.lib opencv_highgui246d.lib opencv_imgproc246d.lib opencv_legacy246d.lib opencv_ml246d.lib opencv_objdetect246d.lib opencv_ts246d.lib opencv_video246d.lib kernel32.lib user32.lib gdi32.lib winspool.lib comdlg32.lib advapi32.lib shell32.lib ole32.lib oleaut32.lib uuid.lib odbc32.lib odbccp32.lib /MANIFEST /ManifestFile:"Debug\FaceGenderRec.exe.intermediate.manifest" /MANIFESTUAC:"level='asInvoker' uiAccess='false'" /DEBUG /PDB:"C:\Users\Eric\Desktop\FaceGenderRec\Debug\FaceGenderRec.pdb" /SUBSYSTEM:CONSOLE /TLBID:1 /DYNAMICBASE /NXCOMPAT /IMPLIB:"C:\Users\Eric\Desktop\FaceGenderRec\Debug\FaceGenderRec.lib" /MACHINE:X86 Debug\FaceGenderRec.exe.embed.manifest.res
         Debug\demo.obj
         Debug\detectObject.obj
         Debug\ImageUtils_0.7.obj
         Debug\preprocessFace.obj
         Debug\recognition.obj
       Manifest:
         C:\Program Files (x86)\Microsoft SDKs\Windows\v7.0A\bin\mt.exe /nologo /verbose /out:"Debug\FaceGenderRec.exe.embed.manifest" /manifest Debug\FaceGenderRec.exe.intermediate.manifest
         所有输出均为最新。
       LinkEmbedManifest:
         所有输出均为最新。
         FaceGenderRec.vcxproj -> C:\Users\Eric\Desktop\FaceGenderRec\Debug\FaceGenderRec.exe
       FinalizeBuildStatus:
         正在删除文件“Debug\FaceGenderRec.unsuccessfulbuild”。
         正在对“Debug\FaceGenderRec.lastbuildstate”执行 Touch 任务。
     1>已完成生成项目“C:\Users\Eric\Desktop\FaceGenderRec\FaceGenderRec\FaceGenderRec.vcxproj”(build 个目标)的操作。

生成成功。

已用时间 00:00:02.12
